2025-11-10 11:18:02 - INFO - Uygulama başlatıldı ve loglama yapılandırıldı.
2025-11-10 11:18:22 - INFO - Metin şifreleme işlemi başlatıldı.
2025-11-10 11:18:22 - INFO - Anahtar türetme işlemi başlıyor...
2025-11-10 11:18:22 - INFO - Anahtar başarıyla türetildi.
2025-11-10 11:18:23 - INFO - Metin başarıyla şifrelendi ve paketlendi.
2025-11-10 11:18:23 - INFO - Metin şifreleme işlemi başlatıldı.
2025-11-10 11:18:23 - INFO - Anahtar türetme işlemi başlıyor...
2025-11-10 11:18:23 - INFO - Anahtar başarıyla türetildi.
2025-11-10 11:18:23 - INFO - Metin başarıyla şifrelendi ve paketlendi.
2025-11-10 11:18:25 - INFO - Metin şifre çözme işlemi başlatıldı.
2025-11-10 11:18:25 - INFO - Anahtar türetme işlemi başlıyor...
2025-11-10 11:18:26 - INFO - Anahtar başarıyla türetildi.
2025-11-10 11:18:26 - INFO - Metin başarıyla çözüldü ve doğrulandı.
2025-11-10 11:18:27 - INFO - Metin şifreleme işlemi başlatıldı.
2025-11-10 11:18:27 - INFO - Anahtar türetme işlemi başlıyor...
2025-11-10 11:18:27 - INFO - Anahtar başarıyla türetildi.
2025-11-10 11:18:27 - INFO - Metin başarıyla şifrelendi ve paketlendi.
2025-11-10 11:18:28 - INFO - Metin şifre çözme işlemi başlatıldı.
2025-11-10 11:18:28 - INFO - Anahtar türetme işlemi başlıyor...
2025-11-10 11:18:28 - INFO - Anahtar başarıyla türetildi.
2025-11-10 11:18:28 - INFO - Metin başarıyla çözüldü ve doğrulandı.
2025-11-10 11:18:29 - INFO - Metin şifreleme işlemi başlatıldı.
2025-11-10 11:18:29 - INFO - Anahtar türetme işlemi başlıyor...
2025-11-10 11:18:29 - INFO - Anahtar başarıyla türetildi.
2025-11-10 11:18:29 - INFO - Metin başarıyla şifrelendi ve paketlendi.
2025-11-10 11:24:03 - INFO - Metin şifreleme işlemi başlatıldı.
2025-11-10 11:24:03 - INFO - Anahtar türetme işlemi başlıyor...
2025-11-10 11:24:03 - INFO - Anahtar başarıyla türetildi.
2025-11-10 11:24:03 - INFO - Metin başarıyla şifrelendi ve paketlendi.
2025-11-10 11:24:04 - INFO - Metin şifre çözme işlemi başlatıldı.
2025-11-10 11:24:04 - INFO - Anahtar türetme işlemi başlıyor...
2025-11-10 11:24:04 - INFO - Anahtar başarıyla türetildi.
2025-11-10 11:24:04 - INFO - Metin başarıyla çözüldü ve doğrulandı.
2025-11-10 11:30:42 - INFO - Metin şifreleme işlemi başlatıldı.
2025-11-10 11:30:42 - INFO - Anahtar türetme işlemi başlıyor...
2025-11-10 11:30:42 - INFO - Anahtar başarıyla türetildi.
2025-11-10 11:30:42 - INFO - Metin başarıyla şifrelendi ve paketlendi.
2025-11-10 11:30:53 - INFO - Metin şifre çözme işlemi başlatıldı.
2025-11-10 11:30:53 - INFO - Anahtar türetme işlemi başlıyor...
2025-11-10 11:30:53 - INFO - Anahtar başarıyla türetildi.
2025-11-10 11:30:53 - INFO - Metin başarıyla çözüldü ve doğrulandı.
2025-11-10 11:32:53 - INFO - Metin şifreleme işlemi başlatıldı.
2025-11-10 11:32:53 - INFO - Anahtar türetme işlemi başlıyor...
2025-11-10 11:32:53 - INFO - Anahtar başarıyla türetildi.
2025-11-10 11:32:53 - INFO - Metin başarıyla şifrelendi ve paketlendi.
2025-11-10 11:33:01 - INFO - Metin şifre çözme işlemi başlatıldı.
2025-11-10 11:33:01 - INFO - Anahtar türetme işlemi başlıyor...
2025-11-10 11:33:01 - INFO - Anahtar başarıyla türetildi.
2025-11-10 11:33:01 - WARNING - Şifre çözme BAŞARISIZ! Parola yanlış veya veri bozuk.
2025-11-11 09:28:45 - INFO - Uygulama başlatıldı ve loglama yapılandırıldı.
2025-11-11 09:29:13 - INFO - Metin şifreleme işlemi başlatıldı.
2025-11-11 09:29:13 - INFO - Anahtar türetme işlemi başlıyor...
2025-11-11 09:29:13 - INFO - Anahtar başarıyla türetildi.
2025-11-11 09:29:13 - INFO - Metin başarıyla şifrelendi ve paketlendi.
2025-11-11 09:29:26 - INFO - Metin şifre çözme işlemi başlatıldı.
2025-11-11 09:29:26 - INFO - Anahtar türetme işlemi başlıyor...
2025-11-11 09:29:27 - INFO - Anahtar başarıyla türetildi.
2025-11-11 09:29:27 - INFO - Metin başarıyla çözüldü ve doğrulandı.
2025-11-11 09:29:33 - INFO - Metin şifre çözme işlemi başlatıldı.
2025-11-11 09:29:33 - WARNING - Şifre çözme BAŞARISIZ! Parola yanlış veya veri bozuk.
2025-11-11 10:32:19 - INFO - Metin şifreleme işlemi başlatıldı.
2025-11-11 10:32:19 - INFO - Anahtar türetme işlemi başlıyor...
2025-11-11 10:32:20 - INFO - Anahtar başarıyla türetildi.
2025-11-11 10:32:20 - INFO - Metin başarıyla şifrelendi ve paketlendi.
2025-11-11 10:32:29 - INFO - Metin şifre çözme işlemi başlatıldı.
2025-11-11 10:32:29 - INFO - Anahtar türetme işlemi başlıyor...
2025-11-11 10:32:29 - INFO - Anahtar başarıyla türetildi.
2025-11-11 10:32:29 - INFO - Metin başarıyla çözüldü ve doğrulandı.
2025-11-14 00:29:27 - INFO - Uygulama başlatıldı ve loglama yapılandırıldı.
2025-11-14 00:29:45 - INFO - Metin şifreleme işlemi başlatıldı.
2025-11-14 00:29:45 - INFO - Anahtar türetme işlemi başlıyor...
2025-11-14 00:29:46 - INFO - Anahtar başarıyla türetildi.
2025-11-14 00:29:46 - INFO - Metin başarıyla şifrelendi ve paketlendi.
2025-11-14 00:29:49 - INFO - Metin şifreleme işlemi başlatıldı.
2025-11-14 00:29:49 - INFO - Anahtar türetme işlemi başlıyor...
2025-11-14 00:29:50 - INFO - Anahtar başarıyla türetildi.
2025-11-14 00:29:50 - INFO - Metin başarıyla şifrelendi ve paketlendi.
2025-11-14 00:29:51 - INFO - Metin şifreleme işlemi başlatıldı.
2025-11-14 00:29:51 - INFO - Anahtar türetme işlemi başlıyor...
2025-11-14 00:29:51 - INFO - Anahtar başarıyla türetildi.
2025-11-14 00:29:51 - INFO - Metin başarıyla şifrelendi ve paketlendi.
2025-11-14 00:29:52 - INFO - Metin şifreleme işlemi başlatıldı.
2025-11-14 00:29:52 - INFO - Anahtar türetme işlemi başlıyor...
2025-11-14 00:29:53 - INFO - Anahtar başarıyla türetildi.
2025-11-14 00:29:53 - INFO - Metin başarıyla şifrelendi ve paketlendi.
2025-11-14 00:29:53 - INFO - Metin şifreleme işlemi başlatıldı.
2025-11-14 00:29:53 - INFO - Anahtar türetme işlemi başlıyor...
2025-11-14 00:29:53 - INFO - Anahtar başarıyla türetildi.
2025-11-14 00:29:53 - INFO - Metin başarıyla şifrelendi ve paketlendi.
2025-11-14 00:29:54 - INFO - Metin şifreleme işlemi başlatıldı.
2025-11-14 00:29:54 - INFO - Anahtar türetme işlemi başlıyor...
2025-11-14 00:29:54 - INFO - Anahtar başarıyla türetildi.
2025-11-14 00:29:54 - INFO - Metin başarıyla şifrelendi ve paketlendi.
2025-11-14 00:29:54 - INFO - Metin şifreleme işlemi başlatıldı.
2025-11-14 00:29:54 - INFO - Anahtar türetme işlemi başlıyor...
2025-11-14 00:29:54 - INFO - Anahtar başarıyla türetildi.
2025-11-14 00:29:54 - INFO - Metin başarıyla şifrelendi ve paketlendi.
2025-11-14 00:29:54 - INFO - Metin şifreleme işlemi başlatıldı.
2025-11-14 00:29:54 - INFO - Anahtar türetme işlemi başlıyor...
2025-11-14 00:29:55 - INFO - Anahtar başarıyla türetildi.
2025-11-14 00:29:55 - INFO - Metin başarıyla şifrelendi ve paketlendi.
2025-11-14 00:29:55 - INFO - Metin şifreleme işlemi başlatıldı.
2025-11-14 00:29:55 - INFO - Anahtar türetme işlemi başlıyor...
2025-11-14 00:29:55 - INFO - Anahtar başarıyla türetildi.
2025-11-14 00:29:55 - INFO - Metin başarıyla şifrelendi ve paketlendi.
2025-11-14 00:29:55 - INFO - Metin şifreleme işlemi başlatıldı.
2025-11-14 00:29:55 - INFO - Anahtar türetme işlemi başlıyor...
2025-11-14 00:29:55 - INFO - Anahtar başarıyla türetildi.
2025-11-14 00:29:55 - INFO - Metin başarıyla şifrelendi ve paketlendi.
2025-11-14 00:29:55 - INFO - Metin şifreleme işlemi başlatıldı.
2025-11-14 00:29:55 - INFO - Anahtar türetme işlemi başlıyor...
2025-11-14 00:29:56 - INFO - Anahtar başarıyla türetildi.
2025-11-14 00:29:56 - INFO - Metin başarıyla şifrelendi ve paketlendi.
2025-11-14 00:29:56 - INFO - Metin şifreleme işlemi başlatıldı.
2025-11-14 00:29:56 - INFO - Anahtar türetme işlemi başlıyor...
2025-11-14 00:29:57 - INFO - Anahtar başarıyla türetildi.
2025-11-14 00:29:57 - INFO - Metin başarıyla şifrelendi ve paketlendi.
2025-11-14 00:29:57 - INFO - Metin şifreleme işlemi başlatıldı.
2025-11-14 00:29:57 - INFO - Anahtar türetme işlemi başlıyor...
2025-11-14 00:29:57 - INFO - Anahtar başarıyla türetildi.
2025-11-14 00:29:57 - INFO - Metin başarıyla şifrelendi ve paketlendi.
2025-11-14 00:30:00 - INFO - Metin şifreleme işlemi başlatıldı.
2025-11-14 00:30:00 - INFO - Anahtar türetme işlemi başlıyor...
2025-11-14 00:30:00 - INFO - Anahtar başarıyla türetildi.
2025-11-14 00:30:00 - INFO - Metin başarıyla şifrelendi ve paketlendi.
2025-11-14 00:30:05 - INFO - Metin şifre çözme işlemi başlatıldı.
2025-11-14 00:30:05 - INFO - Anahtar türetme işlemi başlıyor...
2025-11-14 00:30:06 - INFO - Anahtar başarıyla türetildi.
2025-11-14 00:30:06 - INFO - Metin başarıyla çözüldü ve doğrulandı.
2025-11-14 00:30:07 - INFO - Metin şifreleme işlemi başlatıldı.
2025-11-14 00:30:07 - INFO - Anahtar türetme işlemi başlıyor...
2025-11-14 00:30:08 - INFO - Anahtar başarıyla türetildi.
2025-11-14 00:30:08 - INFO - Metin başarıyla şifrelendi ve paketlendi.
2025-11-14 00:30:08 - INFO - Metin şifreleme işlemi başlatıldı.
2025-11-14 00:30:08 - INFO - Anahtar türetme işlemi başlıyor...
2025-11-14 00:30:09 - INFO - Anahtar başarıyla türetildi.
2025-11-14 00:30:09 - INFO - Metin başarıyla şifrelendi ve paketlendi.
2025-11-14 00:30:10 - INFO - Metin şifreleme işlemi başlatıldı.
2025-11-14 00:30:10 - INFO - Anahtar türetme işlemi başlıyor...
2025-11-14 00:30:10 - INFO - Anahtar başarıyla türetildi.
2025-11-14 00:30:10 - INFO - Metin başarıyla şifrelendi ve paketlendi.
2025-11-14 00:30:15 - INFO - Metin şifre çözme işlemi başlatıldı.
2025-11-14 00:30:15 - INFO - Anahtar türetme işlemi başlıyor...
2025-11-14 00:30:15 - INFO - Anahtar başarıyla türetildi.
2025-11-14 00:30:15 - INFO - Metin başarıyla çözüldü ve doğrulandı.
2025-11-14 00:30:18 - INFO - Metin şifre çözme işlemi başlatıldı.
2025-11-14 00:30:18 - INFO - Anahtar türetme işlemi başlıyor...
2025-11-14 00:30:18 - INFO - Anahtar başarıyla türetildi.
2025-11-14 00:30:18 - INFO - Metin başarıyla çözüldü ve doğrulandı.
2025-11-14 00:30:18 - INFO - Metin şifre çözme işlemi başlatıldı.
2025-11-14 00:30:18 - WARNING - Şifre çözme BAŞARISIZ! Parola yanlış veya veri bozuk.
2025-11-14 00:30:22 - INFO - Metin şifreleme işlemi başlatıldı.
2025-11-14 00:30:22 - INFO - Anahtar türetme işlemi başlıyor...
2025-11-14 00:30:22 - INFO - Anahtar başarıyla türetildi.
2025-11-14 00:30:22 - INFO - Metin başarıyla şifrelendi ve paketlendi.
2025-11-14 00:30:24 - INFO - Metin şifreleme işlemi başlatıldı.
2025-11-14 00:30:24 - INFO - Anahtar türetme işlemi başlıyor...
2025-11-14 00:30:24 - INFO - Anahtar başarıyla türetildi.
2025-11-14 00:30:24 - INFO - Metin başarıyla şifrelendi ve paketlendi.
2025-11-14 00:30:24 - INFO - Metin şifreleme işlemi başlatıldı.
2025-11-14 00:30:24 - INFO - Anahtar türetme işlemi başlıyor...
2025-11-14 00:30:24 - INFO - Anahtar başarıyla türetildi.
2025-11-14 00:30:24 - INFO - Metin başarıyla şifrelendi ve paketlendi.
2025-11-14 00:30:24 - INFO - Metin şifreleme işlemi başlatıldı.
2025-11-14 00:30:24 - INFO - Anahtar türetme işlemi başlıyor...
2025-11-14 00:30:24 - INFO - Anahtar başarıyla türetildi.
2025-11-14 00:30:24 - INFO - Metin başarıyla şifrelendi ve paketlendi.
2025-11-14 00:30:24 - INFO - Metin şifreleme işlemi başlatıldı.
2025-11-14 00:30:24 - INFO - Anahtar türetme işlemi başlıyor...
2025-11-14 00:30:25 - INFO - Anahtar başarıyla türetildi.
2025-11-14 00:30:25 - INFO - Metin başarıyla şifrelendi ve paketlendi.
2025-11-14 00:30:25 - INFO - Metin şifreleme işlemi başlatıldı.
2025-11-14 00:30:25 - INFO - Anahtar türetme işlemi başlıyor...
2025-11-14 00:30:25 - INFO - Anahtar başarıyla türetildi.
2025-11-14 00:30:25 - INFO - Metin başarıyla şifrelendi ve paketlendi.
2025-11-14 00:30:25 - INFO - Metin şifreleme işlemi başlatıldı.
2025-11-14 00:30:25 - INFO - Anahtar türetme işlemi başlıyor...
2025-11-14 00:30:25 - INFO - Anahtar başarıyla türetildi.
2025-11-14 00:30:25 - INFO - Metin başarıyla şifrelendi ve paketlendi.
2025-11-14 00:30:25 - INFO - Metin şifreleme işlemi başlatıldı.
2025-11-14 00:30:25 - INFO - Anahtar türetme işlemi başlıyor...
2025-11-14 00:30:25 - INFO - Anahtar başarıyla türetildi.
2025-11-14 00:30:25 - INFO - Metin başarıyla şifrelendi ve paketlendi.
2025-11-14 00:30:36 - INFO - Metin şifreleme işlemi başlatıldı.
2025-11-14 00:30:36 - INFO - Anahtar türetme işlemi başlıyor...
2025-11-14 00:30:36 - INFO - Anahtar başarıyla türetildi.
2025-11-14 00:30:36 - INFO - Metin başarıyla şifrelendi ve paketlendi.
